<?xml version="1.0" encoding="UTF-8"?>
<!-- Generated by org.testng.reporters.JUnitXMLReporter -->
<testsuite hostname="WARDV250124-L87" ignored="0" name="Default test" tests="3" failures="0" timestamp="20 Aug 2018 16:57:42 GMT" time="93.339" errors="0">
  <testcase name="caso1" time="13.896" classname="cp.CasosDePrueba"/>
  <testcase name="caso2" time="26.931" classname="cp.CasosDePrueba"/>
  <testcase name="caso3" time="16.948" classname="cp.CasosDePrueba"/>
</testsuite> <!-- Default test -->
